2024-05-01 14:42:28 info: Congratulations, your extension "Embold" is now active!
2024-05-01 14:42:28 info: tempDirectory : /Users/davidstinnett/.vscode/extensions/embold-vscode.embold-0.1.8/temp
2024-05-01 14:42:33 info: Extraction complete for source: /Users/davidstinnett/.vscode/extensions/embold-vscode.embold-0.1.8/resources/embold-scanner-archive.zip, destination: /Users/davidstinnett/.vscode/extensions/embold-vscode.embold-0.1.8/temp
2024-05-01 14:42:33 info: Extension installed on machine OS : darwin
2024-05-01 14:42:33 info: Fetched the issues from DB
2024-05-01 14:42:33 info: Java version installed on machine : 
java version "21.0.2" 2024-01-16 LTS
Java(TM) SE Runtime Environment (build 21.0.2+13-LTS-58)
Java HotSpot(TM) 64-Bit Server VM (build 21.0.2+13-LTS-58, mixed mode, sharing)

2024-05-01 14:42:33 info: Java installed on machine.
2024-05-01 14:42:33 info: Embold extension version response:{"hasSupport":false,"version":"0.1.6","changeNotes":"<div> <p>Release Date: 09 Oct, 2023 <br><span>Bug fixes and improvements.</span></p> </div>"}
2024-05-01 14:42:33 info: Current installed embold extension version : 0.1.8
2024-05-01 14:42:33 info: Latest embold extension version on marketplace : 0.1.6
2024-05-01 14:44:58 info: Congratulations, your extension "Embold" is now active!
2024-05-01 14:44:58 info: tempDirectory : /Users/davidstinnett/.vscode/extensions/embold-vscode.embold-0.1.8/temp
2024-05-01 14:44:59 info: Extraction complete for source: /Users/davidstinnett/.vscode/extensions/embold-vscode.embold-0.1.8/resources/embold-scanner-archive.zip, destination: /Users/davidstinnett/.vscode/extensions/embold-vscode.embold-0.1.8/temp
2024-05-01 14:44:59 info: Extension installed on machine OS : darwin
2024-05-01 14:44:59 info: Fetched the issues from DB
2024-05-01 14:44:59 info: Java version installed on machine : 
java version "21.0.2" 2024-01-16 LTS
Java(TM) SE Runtime Environment (build 21.0.2+13-LTS-58)
Java HotSpot(TM) 64-Bit Server VM (build 21.0.2+13-LTS-58, mixed mode, sharing)

2024-05-01 14:44:59 info: Java installed on machine.
2024-05-01 14:45:00 info: Embold extension version response:{"hasSupport":false,"version":"0.1.6","changeNotes":"<div> <p>Release Date: 09 Oct, 2023 <br><span>Bug fixes and improvements.</span></p> </div>"}
2024-05-01 14:45:00 info: Current installed embold extension version : 0.1.8
2024-05-01 14:45:00 info: Latest embold extension version on marketplace : 0.1.6
2024-05-01 14:46:52 info: Congratulations, your extension "Embold" is now active!
2024-05-01 14:46:52 info: tempDirectory : /Users/davidstinnett/.vscode/extensions/embold-vscode.embold-0.1.8/temp
2024-05-01 14:46:54 info: Extraction complete for source: /Users/davidstinnett/.vscode/extensions/embold-vscode.embold-0.1.8/resources/embold-scanner-archive.zip, destination: /Users/davidstinnett/.vscode/extensions/embold-vscode.embold-0.1.8/temp
2024-05-01 14:46:54 info: Extension installed on machine OS : darwin
2024-05-01 14:46:54 info: Fetched the issues from DB
2024-05-01 14:46:54 info: Java version installed on machine : 
java version "21.0.2" 2024-01-16 LTS
Java(TM) SE Runtime Environment (build 21.0.2+13-LTS-58)
Java HotSpot(TM) 64-Bit Server VM (build 21.0.2+13-LTS-58, mixed mode, sharing)

2024-05-01 14:46:54 info: Java installed on machine.
2024-05-01 14:46:54 info: Embold extension version response:{"hasSupport":false,"version":"0.1.6","changeNotes":"<div> <p>Release Date: 09 Oct, 2023 <br><span>Bug fixes and improvements.</span></p> </div>"}
2024-05-01 14:46:54 info: Current installed embold extension version : 0.1.8
2024-05-01 14:46:54 info: Latest embold extension version on marketplace : 0.1.6
